<?xml version="1.0" encoding="UTF-8"?>
<!-- Generated by org.testng.reporters.JUnitReportReporter -->
<testsuite skipped="0" hostname="EPHUBUDW0088" name="com.example.cass.CassApplicationTests" tests="1" failures="0" timestamp="20 Nov 2018 16:26:07 GMT" time="0.007" errors="0">
  <testcase name="contextLoads" time="0.007" classname="com.example.cass.CassApplicationTests"/>
</testsuite> <!-- com.example.cass.CassApplicationTests -->
